<?xml version="1.0" encoding="UTF-8"?>
<testng-results ignored="4" total="5" passed="1" failed="0" skipped="0">
  <reporter-output>
  </reporter-output>
  <suite started-at="2024-05-14T19:18:11 IST" name="Default suite" finished-at="2024-05-14T19:18:24 IST" duration-ms="13253">
    <groups>
    </groups>
    <test started-at="2024-05-14T19:18:11 IST" name="Default test" finished-at="2024-05-14T19:18:24 IST" duration-ms="13253">
      <class name="com.ecommerce.dawnTheme.plpTest">
        <test-method is-config="true" signature="beforeClass()[pri:0, instance:com.ecommerce.dawnTheme.plpTest@4f80542f]" started-at="2024-05-14T19:18:11 IST" name="beforeClass" finished-at="2024-05-14T19:18:13 IST" duration-ms="2093" status="PASS">
          <reporter-output>
          </reporter-output>
        </test-method> <!-- beforeClass -->
        <test-method is-config="true" signature="beforeMethod()[pri:0, instance:com.ecommerce.dawnTheme.plpTest@4f80542f]" started-at="2024-05-14T19:18:13 IST" name="beforeMethod" finished-at="2024-05-14T19:18:14 IST" duration-ms="1008" status="PASS">
          <reporter-output>
          </reporter-output>
        </test-method> <!-- beforeMethod -->
        <test-method signature="sortbyFunctionality()[pri:5, instance:com.ecommerce.dawnTheme.plpTest@4f80542f]" started-at="2024-05-14T19:18:14 IST" name="sortbyFunctionality" finished-at="2024-05-14T19:18:19 IST" duration-ms="5086" status="PASS">
          <reporter-output>
          </reporter-output>
        </test-method> <!-- sortbyFunctionality -->
        <test-method is-config="true" signature="afterClass()[pri:0, instance:com.ecommerce.dawnTheme.plpTest@4f80542f]" started-at="2024-05-14T19:18:19 IST" name="afterClass" finished-at="2024-05-14T19:18:24 IST" duration-ms="5024" status="PASS">
          <reporter-output>
          </reporter-output>
        </test-method> <!-- afterClass -->
      </class> <!-- com.ecommerce.dawnTheme.plpTest -->
    </test> <!-- Default test -->
  </suite> <!-- Default suite -->
</testng-results>
