<?xml version="1.0" encoding="UTF-8"?>
<!-- Generated by org.testng.reporters.JUnitXMLReporter -->
<testsuite ignored="4" hostname="DESKTOP-6JOMMLI" failures="0" tests="1" name="Default test" time="13.253" errors="0" timestamp="2024-05-14T19:18:24 IST">
  <testcase classname="com.ecommerce.dawnTheme.plpTest" name="sortbyFunctionality" time="5.086"/>
  <testcase classname="com.ecommerce.dawnTheme.plpTest" name="selectProduct" time="0.0">
    <ignored/>
  </testcase> <!-- selectProduct -->
  <testcase classname="com.ecommerce.dawnTheme.plpTest" name="availabilityDropdownFunctionality" time="0.0">
    <ignored/>
  </testcase> <!-- availabilityDropdownFunctionality -->
  <testcase classname="com.ecommerce.dawnTheme.plpTest" name="colorDropdownFunctionality" time="0.0">
    <ignored/>
  </testcase> <!-- colorDropdownFunctionality -->
  <testcase classname="com.ecommerce.dawnTheme.plpTest" name="collectionHeading" time="0.0">
    <ignored/>
  </testcase> <!-- collectionHeading -->
</testsuite> <!-- Default test -->
